<?xml version="1.0" encoding="UTF-8"?>
<testsuite xmlns:xsi="http://www.w3.org/2001/XMLSchema-instance" xsi:noNamespaceSchemaLocation="https://maven.apache.org/surefire/maven-surefire-plugin/xsd/surefire-test-report-3.0.xsd" version="3.0" name="TestSuite" time="73.153" tests="2" errors="0" skipped="0" failures="1">
  <properties>
    <property name="sun.desktop" value="windows"/>
    <property name="awt.toolkit" value="sun.awt.windows.WToolkit"/>
    <property name="java.specification.version" value="11"/>
    <property name="webdriver.chrome.driver" value="C:\Users\Abhishek_Gupta3\.cache\selenium\chromedriver\win32\107.0.5304.62\chromedriver.exe"/>
    <property name="sun.cpu.isalist" value="amd64"/>
    <property name="sun.jnu.encoding" value="Cp1252"/>
    <property name="java.class.path" value="C:\Users\Abhishek_Gupta3\IdeaProjects\CLPAutomation\target\test-classes;C:\Users\Abhishek_Gupta3\IdeaProjects\CLPAutomation\target\classes;C:\Users\Abhishek_Gupta3\.m2\repository\org\seleniumhq\selenium\selenium-java\4.1.3\selenium-java-4.1.3.jar;C:\Users\Abhishek_Gupta3\.m2\repository\org\seleniumhq\selenium\selenium-api\4.1.3\selenium-api-4.1.3.jar;C:\Users\Abhishek_Gupta3\.m2\repository\org\seleniumhq\selenium\selenium-chrome-driver\4.1.3\selenium-chrome-driver-4.1.3.jar;C:\Users\Abhishek_Gupta3\.m2\repository\com\google\auto\service\auto-service-annotations\1.0.1\auto-service-annotations-1.0.1.jar;C:\Users\Abhishek_Gupta3\.m2\repository\com\google\auto\service\auto-service\1.0.1\auto-service-1.0.1.jar;C:\Users\Abhishek_Gupta3\.m2\repository\com\google\auto\auto-common\1.2\auto-common-1.2.jar;C:\Users\Abhishek_Gupta3\.m2\repository\org\seleniumhq\selenium\selenium-chromium-driver\4.1.3\selenium-chromium-driver-4.1.3.jar;C:\Users\Abhishek_Gupta3\.m2\repository\org\seleniumhq\selenium\selenium-json\4.1.3\selenium-json-4.1.3.jar;C:\Users\Abhishek_Gupta3\.m2\repository\org\seleniumhq\selenium\selenium-devtools-v85\4.1.3\selenium-devtools-v85-4.1.3.jar;C:\Users\Abhishek_Gupta3\.m2\repository\org\seleniumhq\selenium\selenium-devtools-v97\4.1.3\selenium-devtools-v97-4.1.3.jar;C:\Users\Abhishek_Gupta3\.m2\repository\org\seleniumhq\selenium\selenium-devtools-v98\4.1.3\selenium-devtools-v98-4.1.3.jar;C:\Users\Abhishek_Gupta3\.m2\repository\org\seleniumhq\selenium\selenium-devtools-v99\4.1.3\selenium-devtools-v99-4.1.3.jar;C:\Users\Abhishek_Gupta3\.m2\repository\org\seleniumhq\selenium\selenium-edge-driver\4.1.3\selenium-edge-driver-4.1.3.jar;C:\Users\Abhishek_Gupta3\.m2\repository\org\seleniumhq\selenium\selenium-firefox-driver\4.1.3\selenium-firefox-driver-4.1.3.jar;C:\Users\Abhishek_Gupta3\.m2\repository\org\seleniumhq\selenium\selenium-ie-driver\4.1.3\selenium-ie-driver-4.1.3.jar;C:\Users\Abhishek_Gupta3\.m2\repository\org\seleniumhq\selenium\selenium-opera-driver\4.1.3\selenium-opera-driver-4.1.3.jar;C:\Users\Abhishek_Gupta3\.m2\repository\org\seleniumhq\selenium\selenium-remote-driver\4.1.3\selenium-remote-driver-4.1.3.jar;C:\Users\Abhishek_Gupta3\.m2\repository\com\beust\jcommander\1.82\jcommander-1.82.jar;C:\Users\Abhishek_Gupta3\.m2\repository\io\netty\netty-buffer\4.1.75.Final\netty-buffer-4.1.75.Final.jar;C:\Users\Abhishek_Gupta3\.m2\repository\io\netty\netty-codec-http\4.1.75.Final\netty-codec-http-4.1.75.Final.jar;C:\Users\Abhishek_Gupta3\.m2\repository\io\netty\netty-codec\4.1.75.Final\netty-codec-4.1.75.Final.jar;C:\Users\Abhishek_Gupta3\.m2\repository\io\netty\netty-handler\4.1.75.Final\netty-handler-4.1.75.Final.jar;C:\Users\Abhishek_Gupta3\.m2\repository\io\netty\netty-common\4.1.75.Final\netty-common-4.1.75.Final.jar;C:\Users\Abhishek_Gupta3\.m2\repository\io\netty\netty-transport-classes-epoll\4.1.75.Final\netty-transport-classes-epoll-4.1.75.Final.jar;C:\Users\Abhishek_Gupta3\.m2\repository\io\netty\netty-transport-classes-kqueue\4.1.75.Final\netty-transport-classes-kqueue-4.1.75.Final.jar;C:\Users\Abhishek_Gupta3\.m2\repository\io\netty\netty-transport-native-epoll\4.1.75.Final\netty-transport-native-epoll-4.1.75.Final.jar;C:\Users\Abhishek_Gupta3\.m2\repository\io\netty\netty-transport-native-kqueue\4.1.75.Final\netty-transport-native-kqueue-4.1.75.Final.jar;C:\Users\Abhishek_Gupta3\.m2\repository\io\netty\netty-transport-native-unix-common\4.1.75.Final\netty-transport-native-unix-common-4.1.75.Final.jar;C:\Users\Abhishek_Gupta3\.m2\repository\io\netty\netty-transport\4.1.75.Final\netty-transport-4.1.75.Final.jar;C:\Users\Abhishek_Gupta3\.m2\repository\io\netty\netty-resolver\4.1.75.Final\netty-resolver-4.1.75.Final.jar;C:\Users\Abhishek_Gupta3\.m2\repository\io\opentelemetry\opentelemetry-api\1.12.0\opentelemetry-api-1.12.0.jar;C:\Users\Abhishek_Gupta3\.m2\repository\io\opentelemetry\opentelemetry-context\1.12.0\opentelemetry-context-1.12.0.jar;C:\Users\Abhishek_Gupta3\.m2\repository\io\opentelemetry\opentelemetry-exporter-logging\1.12.0\opentelemetry-exporter-logging-1.12.0.jar;C:\Users\Abhishek_Gupta3\.m2\repository\io\opentelemetry\opentelemetry-sdk-metrics\1.12.0-alpha\opentelemetry-sdk-metrics-1.12.0-alpha.jar;C:\Users\Abhishek_Gupta3\.m2\repository\io\opentelemetry\opentelemetry-sdk-logs\1.12.0-alpha\opentelemetry-sdk-logs-1.12.0-alpha.jar;C:\Users\Abhishek_Gupta3\.m2\repository\io\opentelemetry\opentelemetry-sdk-common\1.12.0\opentelemetry-sdk-common-1.12.0.jar;C:\Users\Abhishek_Gupta3\.m2\repository\io\opentelemetry\opentelemetry-sdk-extension-autoconfigure-spi\1.12.0\opentelemetry-sdk-extension-autoconfigure-spi-1.12.0.jar;C:\Users\Abhishek_Gupta3\.m2\repository\io\opentelemetry\opentelemetry-sdk-extension-autoconfigure\1.12.0-alpha\opentelemetry-sdk-extension-autoconfigure-1.12.0-alpha.jar;C:\Users\Abhishek_Gupta3\.m2\repository\io\opentelemetry\opentelemetry-sdk-trace\1.12.0\opentelemetry-sdk-trace-1.12.0.jar;C:\Users\Abhishek_Gupta3\.m2\repository\io\opentelemetry\opentelemetry-sdk\1.12.0\opentelemetry-sdk-1.12.0.jar;C:\Users\Abhishek_Gupta3\.m2\repository\io\opentelemetry\opentelemetry-semconv\1.12.0-alpha\opentelemetry-semconv-1.12.0-alpha.jar;C:\Users\Abhishek_Gupta3\.m2\repository\io\ous\jtoml\2.0.0\jtoml-2.0.0.jar;C:\Users\Abhishek_Gupta3\.m2\repository\net\bytebuddy\byte-buddy\1.12.8\byte-buddy-1.12.8.jar;C:\Users\Abhishek_Gupta3\.m2\repository\org\apache\commons\commons-exec\1.3\commons-exec-1.3.jar;C:\Users\Abhishek_Gupta3\.m2\repository\org\asynchttpclient\async-http-client\2.12.3\async-http-client-2.12.3.jar;C:\Users\Abhishek_Gupta3\.m2\repository\org\asynchttpclient\async-http-client-netty-utils\2.12.3\async-http-client-netty-utils-2.12.3.jar;C:\Users\Abhishek_Gupta3\.m2\repository\io\netty\netty-codec-socks\4.1.60.Final\netty-codec-socks-4.1.60.Final.jar;C:\Users\Abhishek_Gupta3\.m2\repository\io\netty\netty-handler-proxy\4.1.60.Final\netty-handler-proxy-4.1.60.Final.jar;C:\Users\Abhishek_Gupta3\.m2\repository\io\netty\netty-transport-native-epoll\4.1.60.Final\netty-transport-native-epoll-4.1.60.Final-linux-x86_64.jar;C:\Users\Abhishek_Gupta3\.m2\repository\io\netty\netty-transport-native-kqueue\4.1.60.Final\netty-transport-native-kqueue-4.1.60.Final-osx-x86_64.jar;C:\Users\Abhishek_Gupta3\.m2\repository\com\typesafe\netty\netty-reactive-streams\2.0.4\netty-reactive-streams-2.0.4.jar;C:\Users\Abhishek_Gupta3\.m2\repository\com\sun\activation\jakarta.activation\1.2.2\jakarta.activation-1.2.2.jar;C:\Users\Abhishek_Gupta3\.m2\repository\org\seleniumhq\selenium\selenium-http\4.1.3\selenium-http-4.1.3.jar;C:\Users\Abhishek_Gupta3\.m2\repository\dev\failsafe\failsafe\3.2.3\failsafe-3.2.3.jar;C:\Users\Abhishek_Gupta3\.m2\repository\org\seleniumhq\selenium\selenium-safari-driver\4.1.3\selenium-safari-driver-4.1.3.jar;C:\Users\Abhishek_Gupta3\.m2\repository\org\seleniumhq\selenium\selenium-support\4.1.3\selenium-support-4.1.3.jar;C:\Users\Abhishek_Gupta3\.m2\repository\io\github\bonigarcia\webdrivermanager\5.1.0\webdrivermanager-5.1.0.jar;C:\Users\Abhishek_Gupta3\.m2\repository\org\slf4j\slf4j-api\1.7.36\slf4j-api-1.7.36.jar;C:\Users\Abhishek_Gupta3\.m2\repository\com\google\code\gson\gson\2.9.0\gson-2.9.0.jar;C:\Users\Abhishek_Gupta3\.m2\repository\com\github\docker-java\docker-java\3.2.13\docker-java-3.2.13.jar;C:\Users\Abhishek_Gupta3\.m2\repository\com\github\docker-java\docker-java-core\3.2.13\docker-java-core-3.2.13.jar;C:\Users\Abhishek_Gupta3\.m2\repository\com\github\docker-java\docker-java-api\3.2.13\docker-java-api-3.2.13.jar;C:\Users\Abhishek_Gupta3\.m2\repository\com\fasterxml\jackson\core\jackson-annotations\2.10.3\jackson-annotations-2.10.3.jar;C:\Users\Abhishek_Gupta3\.m2\repository\commons-io\commons-io\2.6\commons-io-2.6.jar;C:\Users\Abhishek_Gupta3\.m2\repository\org\apache\commons\commons-compress\1.21\commons-compress-1.21.jar;C:\Users\Abhishek_Gupta3\.m2\repository\com\fasterxml\jackson\core\jackson-databind\2.10.3\jackson-databind-2.10.3.jar;C:\Users\Abhishek_Gupta3\.m2\repository\com\fasterxml\jackson\core\jackson-core\2.10.3\jackson-core-2.10.3.jar;C:\Users\Abhishek_Gupta3\.m2\repository\org\bouncycastle\bcpkix-jdk15on\1.64\bcpkix-jdk15on-1.64.jar;C:\Users\Abhishek_Gupta3\.m2\repository\org\bouncycastle\bcprov-jdk15on\1.64\bcprov-jdk15on-1.64.jar;C:\Users\Abhishek_Gupta3\.m2\repository\org\slf4j\jcl-over-slf4j\1.7.30\jcl-over-slf4j-1.7.30.jar;C:\Users\Abhishek_Gupta3\.m2\repository\com\github\docker-java\docker-java-transport-httpclient5\3.2.13\docker-java-transport-httpclient5-3.2.13.jar;C:\Users\Abhishek_Gupta3\.m2\repository\com\github\docker-java\docker-java-transport\3.2.13\docker-java-transport-3.2.13.jar;C:\Users\Abhishek_Gupta3\.m2\repository\org\apache\httpcomponents\client5\httpclient5\5.0.3\httpclient5-5.0.3.jar;C:\Users\Abhishek_Gupta3\.m2\repository\org\apache\httpcomponents\core5\httpcore5\5.0.2\httpcore5-5.0.2.jar;C:\Users\Abhishek_Gupta3\.m2\repository\commons-codec\commons-codec\1.13\commons-codec-1.13.jar;C:\Users\Abhishek_Gupta3\.m2\repository\net\java\dev\jna\jna\5.8.0\jna-5.8.0.jar;C:\Users\Abhishek_Gupta3\.m2\repository\org\brotli\dec\0.1.2\dec-0.1.2.jar;C:\Users\Abhishek_Gupta3\.m2\repository\org\apache\commons\commons-lang3\3.12.0\commons-lang3-3.12.0.jar;C:\Users\Abhishek_Gupta3\.m2\repository\com\google\guava\guava\31.0.1-jre\guava-31.0.1-jre.jar;C:\Users\Abhishek_Gupta3\.m2\repository\com\google\guava\failureaccess\1.0.1\failureaccess-1.0.1.jar;C:\Users\Abhishek_Gupta3\.m2\repository\com\google\guava\listenablefuture\9999.0-empty-to-avoid-conflict-with-guava\listenablefuture-9999.0-empty-to-avoid-conflict-with-guava.jar;C:\Users\Abhishek_Gupta3\.m2\repository\com\google\code\findbugs\jsr305\3.0.2\jsr305-3.0.2.jar;C:\Users\Abhishek_Gupta3\.m2\repository\org\checkerframework\checker-qual\3.12.0\checker-qual-3.12.0.jar;C:\Users\Abhishek_Gupta3\.m2\repository\com\google\errorprone\error_prone_annotations\2.7.1\error_prone_annotations-2.7.1.jar;C:\Users\Abhishek_Gupta3\.m2\repository\com\google\j2objc\j2objc-annotations\1.3\j2objc-annotations-1.3.jar;C:\Users\Abhishek_Gupta3\.m2\repository\org\slf4j\slf4j-simple\1.7.32\slf4j-simple-1.7.32.jar;C:\Users\Abhishek_Gupta3\.m2\repository\io\cucumber\cucumber-java\7.2.2\cucumber-java-7.2.2.jar;C:\Users\Abhishek_Gupta3\.m2\repository\io\cucumber\cucumber-core\7.2.2\cucumber-core-7.2.2.jar;C:\Users\Abhishek_Gupta3\.m2\repository\io\cucumber\cucumber-gherkin\7.2.2\cucumber-gherkin-7.2.2.jar;C:\Users\Abhishek_Gupta3\.m2\repository\io\cucumber\cucumber-gherkin-messages\7.2.2\cucumber-gherkin-messages-7.2.2.jar;C:\Users\Abhishek_Gupta3\.m2\repository\io\cucumber\tag-expressions\4.1.0\tag-expressions-4.1.0.jar;C:\Users\Abhishek_Gupta3\.m2\repository\io\cucumber\cucumber-expressions\15.0.1\cucumber-expressions-15.0.1.jar;C:\Users\Abhishek_Gupta3\.m2\repository\io\cucumber\datatable\7.2.2\datatable-7.2.2.jar;C:\Users\Abhishek_Gupta3\.m2\repository\io\cucumber\cucumber-plugin\7.2.2\cucumber-plugin-7.2.2.jar;C:\Users\Abhishek_Gupta3\.m2\repository\io\cucumber\docstring\7.2.2\docstring-7.2.2.jar;C:\Users\Abhishek_Gupta3\.m2\repository\io\cucumber\html-formatter\17.0.0\html-formatter-17.0.0.jar;C:\Users\Abhishek_Gupta3\.m2\repository\io\cucumber\ci-environment\8.1.0\ci-environment-8.1.0.jar;C:\Users\Abhishek_Gupta3\.m2\repository\org\apiguardian\apiguardian-api\1.1.2\apiguardian-api-1.1.2.jar;C:\Users\Abhishek_Gupta3\.m2\repository\io\cucumber\cucumber-testng\7.2.2\cucumber-testng-7.2.2.jar;C:\Users\Abhishek_Gupta3\.m2\repository\org\testng\testng\7.4.0\testng-7.4.0.jar;C:\Users\Abhishek_Gupta3\.m2\repository\org\webjars\jquery\3.5.1\jquery-3.5.1.jar;C:\Users\Abhishek_Gupta3\.m2\repository\io\cucumber\cucumber-picocontainer\7.2.2\cucumber-picocontainer-7.2.2.jar;C:\Users\Abhishek_Gupta3\.m2\repository\org\picocontainer\picocontainer\2.15\picocontainer-2.15.jar;C:\Users\Abhishek_Gupta3\.m2\repository\io\cucumber\gherkin\22.0.0\gherkin-22.0.0.jar;C:\Users\Abhishek_Gupta3\.m2\repository\io\cucumber\messages\17.1.1\messages-17.1.1.jar;C:\Users\Abhishek_Gupta3\.m2\repository\org\apache\logging\log4j\log4j-core\2.17.2\log4j-core-2.17.2.jar;C:\Users\Abhishek_Gupta3\.m2\repository\org\apache\logging\log4j\log4j-api\2.17.2\log4j-api-2.17.2.jar;C:\Users\Abhishek_Gupta3\.m2\repository\tech\grasshopper\extentreports-cucumber7-adapter\1.3.0\extentreports-cucumber7-adapter-1.3.0.jar;C:\Users\Abhishek_Gupta3\.m2\repository\com\aventstack\klov-reporter\5.0.9\klov-reporter-5.0.9.jar;C:\Users\Abhishek_Gupta3\.m2\repository\org\mongodb\mongodb-driver\3.6.4\mongodb-driver-3.6.4.jar;C:\Users\Abhishek_Gupta3\.m2\repository\org\mongodb\mongodb-driver-core\3.6.4\mongodb-driver-core-3.6.4.jar;C:\Users\Abhishek_Gupta3\.m2\repository\org\mongodb\bson\3.6.4\bson-3.6.4.jar;C:\Users\Abhishek_Gupta3\.m2\repository\org\apache\httpcomponents\httpclient\4.5.13\httpclient-4.5.13.jar;C:\Users\Abhishek_Gupta3\.m2\repository\org\apache\httpcomponents\httpcore\4.4.13\httpcore-4.4.13.jar;C:\Users\Abhishek_Gupta3\.m2\repository\commons-logging\commons-logging\1.2\commons-logging-1.2.jar;C:\Users\Abhishek_Gupta3\.m2\repository\org\apache\httpcomponents\httpmime\4.5.13\httpmime-4.5.13.jar;C:\Users\Abhishek_Gupta3\.m2\repository\tech\grasshopper\htmlextentreporter\1.0.0\htmlextentreporter-1.0.0.jar;C:\Users\Abhishek_Gupta3\.m2\repository\tech\grasshopper\extent-pdf-report\2.1.1\extent-pdf-report-2.1.1.jar;C:\Users\Abhishek_Gupta3\.m2\repository\tech\grasshopper\cucumber-pdf-report\2.5.0\cucumber-pdf-report-2.5.0.jar;C:\Users\Abhishek_Gupta3\.m2\repository\org\apache\pdfbox\pdfbox\2.0.25\pdfbox-2.0.25.jar;C:\Users\Abhishek_Gupta3\.m2\repository\org\apache\pdfbox\fontbox\2.0.25\fontbox-2.0.25.jar;C:\Users\Abhishek_Gupta3\.m2\repository\org\knowm\xchart\xchart\3.8.0\xchart-3.8.0.jar;C:\Users\Abhishek_Gupta3\.m2\repository\de\erichseifert\vectorgraphics2d\VectorGraphics2D\0.13\VectorGraphics2D-0.13.jar;C:\Users\Abhishek_Gupta3\.m2\repository\de\rototor\pdfbox\graphics2d\0.30\graphics2d-0.30.jar;C:\Users\Abhishek_Gupta3\.m2\repository\com\madgag\animated-gif-lib\1.4\animated-gif-lib-1.4.jar;C:\Users\Abhishek_Gupta3\.m2\repository\org\yaml\snakeyaml\1.28\snakeyaml-1.28.jar;C:\Users\Abhishek_Gupta3\.m2\repository\tech\grasshopper\table-layout\1.4.0\table-layout-1.4.0.jar;C:\Users\Abhishek_Gupta3\.m2\repository\tech\grasshopper\rest-assured-cucumber-pdf-report\1.1.1\rest-assured-cucumber-pdf-report-1.1.1.jar;C:\Users\Abhishek_Gupta3\.m2\repository\org\jsoup\jsoup\1.13.1\jsoup-1.13.1.jar;C:\Users\Abhishek_Gupta3\.m2\repository\com\vimalselvam\cucumber-extentsreport\3.1.1\cucumber-extentsreport-3.1.1.jar;C:\Users\Abhishek_Gupta3\.m2\repository\com\aventstack\extentreports\5.0.9\extentreports-5.0.9.jar;C:\Users\Abhishek_Gupta3\.m2\repository\io\reactivex\rxjava3\rxjava\3.0.4\rxjava-3.0.4.jar;C:\Users\Abhishek_Gupta3\.m2\repository\org\reactivestreams\reactive-streams\1.0.3\reactive-streams-1.0.3.jar;C:\Users\Abhishek_Gupta3\.m2\repository\org\freemarker\freemarker\2.3.30\freemarker-2.3.30.jar;C:\Users\Abhishek_Gupta3\.m2\repository\io\qameta\allure\allure-testng\2.17.2\allure-testng-2.17.2.jar;C:\Users\Abhishek_Gupta3\.m2\repository\io\qameta\allure\allure-java-commons\2.17.2\allure-java-commons-2.17.2.jar;C:\Users\Abhishek_Gupta3\.m2\repository\io\qameta\allure\allure-model\2.17.2\allure-model-2.17.2.jar;C:\Users\Abhishek_Gupta3\.m2\repository\io\qameta\allure\allure-test-filter\2.17.2\allure-test-filter-2.17.2.jar;C:\Users\Abhishek_Gupta3\.m2\repository\io\qameta\allure\allure-cucumber7-jvm\2.17.2\allure-cucumber7-jvm-2.17.2.jar;C:\Users\Abhishek_Gupta3\.m2\repository\io\qameta\allure\allure-attachments\2.17.2\allure-attachments-2.17.2.jar;C:\Users\Abhishek_Gupta3\.m2\repository\com\github\automatedowl\allure-environment-writer\1.0.0\allure-environment-writer-1.0.0.jar;C:\Users\Abhishek_Gupta3\.m2\repository\org\aspectj\aspectjweaver\1.9.7\aspectjweaver-1.9.7.jar;C:\Users\Abhishek_Gupta3\.m2\repository\org\projectlombok\lombok\1.18.22\lombok-1.18.22.jar;"/>
    <property name="java.vm.vendor" value="Oracle Corporation"/>
    <property name="sun.arch.data.model" value="64"/>
    <property name="user.variant" value=""/>
    <property name="java.vendor.url" value="http://java.oracle.com/"/>
    <property name="user.timezone" value="Asia/Shanghai"/>
    <property name="java.vm.specification.version" value="11"/>
    <property name="os.name" value="Windows 10"/>
    <property name="sun.java.launcher" value="SUN_STANDARD"/>
    <property name="user.country" value="HK"/>
    <property name="sun.boot.library.path" value="C:\Users\Abhishek_Gupta3\Downloads\openjdk-11+28_windows-x64_bin\jdk-11\bin"/>
    <property name="sun.java.command" value="C:\Users\Abhishek_Gupta3\AppData\Local\Temp\surefire17955441051860160064\surefirebooter5686920819686433320.jar C:\Users\Abhishek_Gupta3\AppData\Local\Temp\surefire17955441051860160064 2022-11-08T13-52-58_497-jvmRun1 surefire11583221541734212615tmp surefire_017490604514077233241tmp"/>
    <property name="jdk.debug" value="release"/>
    <property name="surefire.test.class.path" value="C:\Users\Abhishek_Gupta3\IdeaProjects\CLPAutomation\target\test-classes;C:\Users\Abhishek_Gupta3\IdeaProjects\CLPAutomation\target\classes;C:\Users\Abhishek_Gupta3\.m2\repository\org\seleniumhq\selenium\selenium-java\4.1.3\selenium-java-4.1.3.jar;C:\Users\Abhishek_Gupta3\.m2\repository\org\seleniumhq\selenium\selenium-api\4.1.3\selenium-api-4.1.3.jar;C:\Users\Abhishek_Gupta3\.m2\repository\org\seleniumhq\selenium\selenium-chrome-driver\4.1.3\selenium-chrome-driver-4.1.3.jar;C:\Users\Abhishek_Gupta3\.m2\repository\com\google\auto\service\auto-service-annotations\1.0.1\auto-service-annotations-1.0.1.jar;C:\Users\Abhishek_Gupta3\.m2\repository\com\google\auto\service\auto-service\1.0.1\auto-service-1.0.1.jar;C:\Users\Abhishek_Gupta3\.m2\repository\com\google\auto\auto-common\1.2\auto-common-1.2.jar;C:\Users\Abhishek_Gupta3\.m2\repository\org\seleniumhq\selenium\selenium-chromium-driver\4.1.3\selenium-chromium-driver-4.1.3.jar;C:\Users\Abhishek_Gupta3\.m2\repository\org\seleniumhq\selenium\selenium-json\4.1.3\selenium-json-4.1.3.jar;C:\Users\Abhishek_Gupta3\.m2\repository\org\seleniumhq\selenium\selenium-devtools-v85\4.1.3\selenium-devtools-v85-4.1.3.jar;C:\Users\Abhishek_Gupta3\.m2\repository\org\seleniumhq\selenium\selenium-devtools-v97\4.1.3\selenium-devtools-v97-4.1.3.jar;C:\Users\Abhishek_Gupta3\.m2\repository\org\seleniumhq\selenium\selenium-devtools-v98\4.1.3\selenium-devtools-v98-4.1.3.jar;C:\Users\Abhishek_Gupta3\.m2\repository\org\seleniumhq\selenium\selenium-devtools-v99\4.1.3\selenium-devtools-v99-4.1.3.jar;C:\Users\Abhishek_Gupta3\.m2\repository\org\seleniumhq\selenium\selenium-edge-driver\4.1.3\selenium-edge-driver-4.1.3.jar;C:\Users\Abhishek_Gupta3\.m2\repository\org\seleniumhq\selenium\selenium-firefox-driver\4.1.3\selenium-firefox-driver-4.1.3.jar;C:\Users\Abhishek_Gupta3\.m2\repository\org\seleniumhq\selenium\selenium-ie-driver\4.1.3\selenium-ie-driver-4.1.3.jar;C:\Users\Abhishek_Gupta3\.m2\repository\org\seleniumhq\selenium\selenium-opera-driver\4.1.3\selenium-opera-driver-4.1.3.jar;C:\Users\Abhishek_Gupta3\.m2\repository\org\seleniumhq\selenium\selenium-remote-driver\4.1.3\selenium-remote-driver-4.1.3.jar;C:\Users\Abhishek_Gupta3\.m2\repository\com\beust\jcommander\1.82\jcommander-1.82.jar;C:\Users\Abhishek_Gupta3\.m2\repository\io\netty\netty-buffer\4.1.75.Final\netty-buffer-4.1.75.Final.jar;C:\Users\Abhishek_Gupta3\.m2\repository\io\netty\netty-codec-http\4.1.75.Final\netty-codec-http-4.1.75.Final.jar;C:\Users\Abhishek_Gupta3\.m2\repository\io\netty\netty-codec\4.1.75.Final\netty-codec-4.1.75.Final.jar;C:\Users\Abhishek_Gupta3\.m2\repository\io\netty\netty-handler\4.1.75.Final\netty-handler-4.1.75.Final.jar;C:\Users\Abhishek_Gupta3\.m2\repository\io\netty\netty-common\4.1.75.Final\netty-common-4.1.75.Final.jar;C:\Users\Abhishek_Gupta3\.m2\repository\io\netty\netty-transport-classes-epoll\4.1.75.Final\netty-transport-classes-epoll-4.1.75.Final.jar;C:\Users\Abhishek_Gupta3\.m2\repository\io\netty\netty-transport-classes-kqueue\4.1.75.Final\netty-transport-classes-kqueue-4.1.75.Final.jar;C:\Users\Abhishek_Gupta3\.m2\repository\io\netty\netty-transport-native-epoll\4.1.75.Final\netty-transport-native-epoll-4.1.75.Final.jar;C:\Users\Abhishek_Gupta3\.m2\repository\io\netty\netty-transport-native-kqueue\4.1.75.Final\netty-transport-native-kqueue-4.1.75.Final.jar;C:\Users\Abhishek_Gupta3\.m2\repository\io\netty\netty-transport-native-unix-common\4.1.75.Final\netty-transport-native-unix-common-4.1.75.Final.jar;C:\Users\Abhishek_Gupta3\.m2\repository\io\netty\netty-transport\4.1.75.Final\netty-transport-4.1.75.Final.jar;C:\Users\Abhishek_Gupta3\.m2\repository\io\netty\netty-resolver\4.1.75.Final\netty-resolver-4.1.75.Final.jar;C:\Users\Abhishek_Gupta3\.m2\repository\io\opentelemetry\opentelemetry-api\1.12.0\opentelemetry-api-1.12.0.jar;C:\Users\Abhishek_Gupta3\.m2\repository\io\opentelemetry\opentelemetry-context\1.12.0\opentelemetry-context-1.12.0.jar;C:\Users\Abhishek_Gupta3\.m2\repository\io\opentelemetry\opentelemetry-exporter-logging\1.12.0\opentelemetry-exporter-logging-1.12.0.jar;C:\Users\Abhishek_Gupta3\.m2\repository\io\opentelemetry\opentelemetry-sdk-metrics\1.12.0-alpha\opentelemetry-sdk-metrics-1.12.0-alpha.jar;C:\Users\Abhishek_Gupta3\.m2\repository\io\opentelemetry\opentelemetry-sdk-logs\1.12.0-alpha\opentelemetry-sdk-logs-1.12.0-alpha.jar;C:\Users\Abhishek_Gupta3\.m2\repository\io\opentelemetry\opentelemetry-sdk-common\1.12.0\opentelemetry-sdk-common-1.12.0.jar;C:\Users\Abhishek_Gupta3\.m2\repository\io\opentelemetry\opentelemetry-sdk-extension-autoconfigure-spi\1.12.0\opentelemetry-sdk-extension-autoconfigure-spi-1.12.0.jar;C:\Users\Abhishek_Gupta3\.m2\repository\io\opentelemetry\opentelemetry-sdk-extension-autoconfigure\1.12.0-alpha\opentelemetry-sdk-extension-autoconfigure-1.12.0-alpha.jar;C:\Users\Abhishek_Gupta3\.m2\repository\io\opentelemetry\opentelemetry-sdk-trace\1.12.0\opentelemetry-sdk-trace-1.12.0.jar;C:\Users\Abhishek_Gupta3\.m2\repository\io\opentelemetry\opentelemetry-sdk\1.12.0\opentelemetry-sdk-1.12.0.jar;C:\Users\Abhishek_Gupta3\.m2\repository\io\opentelemetry\opentelemetry-semconv\1.12.0-alpha\opentelemetry-semconv-1.12.0-alpha.jar;C:\Users\Abhishek_Gupta3\.m2\repository\io\ous\jtoml\2.0.0\jtoml-2.0.0.jar;C:\Users\Abhishek_Gupta3\.m2\repository\net\bytebuddy\byte-buddy\1.12.8\byte-buddy-1.12.8.jar;C:\Users\Abhishek_Gupta3\.m2\repository\org\apache\commons\commons-exec\1.3\commons-exec-1.3.jar;C:\Users\Abhishek_Gupta3\.m2\repository\org\asynchttpclient\async-http-client\2.12.3\async-http-client-2.12.3.jar;C:\Users\Abhishek_Gupta3\.m2\repository\org\asynchttpclient\async-http-client-netty-utils\2.12.3\async-http-client-netty-utils-2.12.3.jar;C:\Users\Abhishek_Gupta3\.m2\repository\io\netty\netty-codec-socks\4.1.60.Final\netty-codec-socks-4.1.60.Final.jar;C:\Users\Abhishek_Gupta3\.m2\repository\io\netty\netty-handler-proxy\4.1.60.Final\netty-handler-proxy-4.1.60.Final.jar;C:\Users\Abhishek_Gupta3\.m2\repository\io\netty\netty-transport-native-epoll\4.1.60.Final\netty-transport-native-epoll-4.1.60.Final-linux-x86_64.jar;C:\Users\Abhishek_Gupta3\.m2\repository\io\netty\netty-transport-native-kqueue\4.1.60.Final\netty-transport-native-kqueue-4.1.60.Final-osx-x86_64.jar;C:\Users\Abhishek_Gupta3\.m2\repository\com\typesafe\netty\netty-reactive-streams\2.0.4\netty-reactive-streams-2.0.4.jar;C:\Users\Abhishek_Gupta3\.m2\repository\com\sun\activation\jakarta.activation\1.2.2\jakarta.activation-1.2.2.jar;C:\Users\Abhishek_Gupta3\.m2\repository\org\seleniumhq\selenium\selenium-http\4.1.3\selenium-http-4.1.3.jar;C:\Users\Abhishek_Gupta3\.m2\repository\dev\failsafe\failsafe\3.2.3\failsafe-3.2.3.jar;C:\Users\Abhishek_Gupta3\.m2\repository\org\seleniumhq\selenium\selenium-safari-driver\4.1.3\selenium-safari-driver-4.1.3.jar;C:\Users\Abhishek_Gupta3\.m2\repository\org\seleniumhq\selenium\selenium-support\4.1.3\selenium-support-4.1.3.jar;C:\Users\Abhishek_Gupta3\.m2\repository\io\github\bonigarcia\webdrivermanager\5.1.0\webdrivermanager-5.1.0.jar;C:\Users\Abhishek_Gupta3\.m2\repository\org\slf4j\slf4j-api\1.7.36\slf4j-api-1.7.36.jar;C:\Users\Abhishek_Gupta3\.m2\repository\com\google\code\gson\gson\2.9.0\gson-2.9.0.jar;C:\Users\Abhishek_Gupta3\.m2\repository\com\github\docker-java\docker-java\3.2.13\docker-java-3.2.13.jar;C:\Users\Abhishek_Gupta3\.m2\repository\com\github\docker-java\docker-java-core\3.2.13\docker-java-core-3.2.13.jar;C:\Users\Abhishek_Gupta3\.m2\repository\com\github\docker-java\docker-java-api\3.2.13\docker-java-api-3.2.13.jar;C:\Users\Abhishek_Gupta3\.m2\repository\com\fasterxml\jackson\core\jackson-annotations\2.10.3\jackson-annotations-2.10.3.jar;C:\Users\Abhishek_Gupta3\.m2\repository\commons-io\commons-io\2.6\commons-io-2.6.jar;C:\Users\Abhishek_Gupta3\.m2\repository\org\apache\commons\commons-compress\1.21\commons-compress-1.21.jar;C:\Users\Abhishek_Gupta3\.m2\repository\com\fasterxml\jackson\core\jackson-databind\2.10.3\jackson-databind-2.10.3.jar;C:\Users\Abhishek_Gupta3\.m2\repository\com\fasterxml\jackson\core\jackson-core\2.10.3\jackson-core-2.10.3.jar;C:\Users\Abhishek_Gupta3\.m2\repository\org\bouncycastle\bcpkix-jdk15on\1.64\bcpkix-jdk15on-1.64.jar;C:\Users\Abhishek_Gupta3\.m2\repository\org\bouncycastle\bcprov-jdk15on\1.64\bcprov-jdk15on-1.64.jar;C:\Users\Abhishek_Gupta3\.m2\repository\org\slf4j\jcl-over-slf4j\1.7.30\jcl-over-slf4j-1.7.30.jar;C:\Users\Abhishek_Gupta3\.m2\repository\com\github\docker-java\docker-java-transport-httpclient5\3.2.13\docker-java-transport-httpclient5-3.2.13.jar;C:\Users\Abhishek_Gupta3\.m2\repository\com\github\docker-java\docker-java-transport\3.2.13\docker-java-transport-3.2.13.jar;C:\Users\Abhishek_Gupta3\.m2\repository\org\apache\httpcomponents\client5\httpclient5\5.0.3\httpclient5-5.0.3.jar;C:\Users\Abhishek_Gupta3\.m2\repository\org\apache\httpcomponents\core5\httpcore5\5.0.2\httpcore5-5.0.2.jar;C:\Users\Abhishek_Gupta3\.m2\repository\commons-codec\commons-codec\1.13\commons-codec-1.13.jar;C:\Users\Abhishek_Gupta3\.m2\repository\net\java\dev\jna\jna\5.8.0\jna-5.8.0.jar;C:\Users\Abhishek_Gupta3\.m2\repository\org\brotli\dec\0.1.2\dec-0.1.2.jar;C:\Users\Abhishek_Gupta3\.m2\repository\org\apache\commons\commons-lang3\3.12.0\commons-lang3-3.12.0.jar;C:\Users\Abhishek_Gupta3\.m2\repository\com\google\guava\guava\31.0.1-jre\guava-31.0.1-jre.jar;C:\Users\Abhishek_Gupta3\.m2\repository\com\google\guava\failureaccess\1.0.1\failureaccess-1.0.1.jar;C:\Users\Abhishek_Gupta3\.m2\repository\com\google\guava\listenablefuture\9999.0-empty-to-avoid-conflict-with-guava\listenablefuture-9999.0-empty-to-avoid-conflict-with-guava.jar;C:\Users\Abhishek_Gupta3\.m2\repository\com\google\code\findbugs\jsr305\3.0.2\jsr305-3.0.2.jar;C:\Users\Abhishek_Gupta3\.m2\repository\org\checkerframework\checker-qual\3.12.0\checker-qual-3.12.0.jar;C:\Users\Abhishek_Gupta3\.m2\repository\com\google\errorprone\error_prone_annotations\2.7.1\error_prone_annotations-2.7.1.jar;C:\Users\Abhishek_Gupta3\.m2\repository\com\google\j2objc\j2objc-annotations\1.3\j2objc-annotations-1.3.jar;C:\Users\Abhishek_Gupta3\.m2\repository\org\slf4j\slf4j-simple\1.7.32\slf4j-simple-1.7.32.jar;C:\Users\Abhishek_Gupta3\.m2\repository\io\cucumber\cucumber-java\7.2.2\cucumber-java-7.2.2.jar;C:\Users\Abhishek_Gupta3\.m2\repository\io\cucumber\cucumber-core\7.2.2\cucumber-core-7.2.2.jar;C:\Users\Abhishek_Gupta3\.m2\repository\io\cucumber\cucumber-gherkin\7.2.2\cucumber-gherkin-7.2.2.jar;C:\Users\Abhishek_Gupta3\.m2\repository\io\cucumber\cucumber-gherkin-messages\7.2.2\cucumber-gherkin-messages-7.2.2.jar;C:\Users\Abhishek_Gupta3\.m2\repository\io\cucumber\tag-expressions\4.1.0\tag-expressions-4.1.0.jar;C:\Users\Abhishek_Gupta3\.m2\repository\io\cucumber\cucumber-expressions\15.0.1\cucumber-expressions-15.0.1.jar;C:\Users\Abhishek_Gupta3\.m2\repository\io\cucumber\datatable\7.2.2\datatable-7.2.2.jar;C:\Users\Abhishek_Gupta3\.m2\repository\io\cucumber\cucumber-plugin\7.2.2\cucumber-plugin-7.2.2.jar;C:\Users\Abhishek_Gupta3\.m2\repository\io\cucumber\docstring\7.2.2\docstring-7.2.2.jar;C:\Users\Abhishek_Gupta3\.m2\repository\io\cucumber\html-formatter\17.0.0\html-formatter-17.0.0.jar;C:\Users\Abhishek_Gupta3\.m2\repository\io\cucumber\ci-environment\8.1.0\ci-environment-8.1.0.jar;C:\Users\Abhishek_Gupta3\.m2\repository\org\apiguardian\apiguardian-api\1.1.2\apiguardian-api-1.1.2.jar;C:\Users\Abhishek_Gupta3\.m2\repository\io\cucumber\cucumber-testng\7.2.2\cucumber-testng-7.2.2.jar;C:\Users\Abhishek_Gupta3\.m2\repository\org\testng\testng\7.4.0\testng-7.4.0.jar;C:\Users\Abhishek_Gupta3\.m2\repository\org\webjars\jquery\3.5.1\jquery-3.5.1.jar;C:\Users\Abhishek_Gupta3\.m2\repository\io\cucumber\cucumber-picocontainer\7.2.2\cucumber-picocontainer-7.2.2.jar;C:\Users\Abhishek_Gupta3\.m2\repository\org\picocontainer\picocontainer\2.15\picocontainer-2.15.jar;C:\Users\Abhishek_Gupta3\.m2\repository\io\cucumber\gherkin\22.0.0\gherkin-22.0.0.jar;C:\Users\Abhishek_Gupta3\.m2\repository\io\cucumber\messages\17.1.1\messages-17.1.1.jar;C:\Users\Abhishek_Gupta3\.m2\repository\org\apache\logging\log4j\log4j-core\2.17.2\log4j-core-2.17.2.jar;C:\Users\Abhishek_Gupta3\.m2\repository\org\apache\logging\log4j\log4j-api\2.17.2\log4j-api-2.17.2.jar;C:\Users\Abhishek_Gupta3\.m2\repository\tech\grasshopper\extentreports-cucumber7-adapter\1.3.0\extentreports-cucumber7-adapter-1.3.0.jar;C:\Users\Abhishek_Gupta3\.m2\repository\com\aventstack\klov-reporter\5.0.9\klov-reporter-5.0.9.jar;C:\Users\Abhishek_Gupta3\.m2\repository\org\mongodb\mongodb-driver\3.6.4\mongodb-driver-3.6.4.jar;C:\Users\Abhishek_Gupta3\.m2\repository\org\mongodb\mongodb-driver-core\3.6.4\mongodb-driver-core-3.6.4.jar;C:\Users\Abhishek_Gupta3\.m2\repository\org\mongodb\bson\3.6.4\bson-3.6.4.jar;C:\Users\Abhishek_Gupta3\.m2\repository\org\apache\httpcomponents\httpclient\4.5.13\httpclient-4.5.13.jar;C:\Users\Abhishek_Gupta3\.m2\repository\org\apache\httpcomponents\httpcore\4.4.13\httpcore-4.4.13.jar;C:\Users\Abhishek_Gupta3\.m2\repository\commons-logging\commons-logging\1.2\commons-logging-1.2.jar;C:\Users\Abhishek_Gupta3\.m2\repository\org\apache\httpcomponents\httpmime\4.5.13\httpmime-4.5.13.jar;C:\Users\Abhishek_Gupta3\.m2\repository\tech\grasshopper\htmlextentreporter\1.0.0\htmlextentreporter-1.0.0.jar;C:\Users\Abhishek_Gupta3\.m2\repository\tech\grasshopper\extent-pdf-report\2.1.1\extent-pdf-report-2.1.1.jar;C:\Users\Abhishek_Gupta3\.m2\repository\tech\grasshopper\cucumber-pdf-report\2.5.0\cucumber-pdf-report-2.5.0.jar;C:\Users\Abhishek_Gupta3\.m2\repository\org\apache\pdfbox\pdfbox\2.0.25\pdfbox-2.0.25.jar;C:\Users\Abhishek_Gupta3\.m2\repository\org\apache\pdfbox\fontbox\2.0.25\fontbox-2.0.25.jar;C:\Users\Abhishek_Gupta3\.m2\repository\org\knowm\xchart\xchart\3.8.0\xchart-3.8.0.jar;C:\Users\Abhishek_Gupta3\.m2\repository\de\erichseifert\vectorgraphics2d\VectorGraphics2D\0.13\VectorGraphics2D-0.13.jar;C:\Users\Abhishek_Gupta3\.m2\repository\de\rototor\pdfbox\graphics2d\0.30\graphics2d-0.30.jar;C:\Users\Abhishek_Gupta3\.m2\repository\com\madgag\animated-gif-lib\1.4\animated-gif-lib-1.4.jar;C:\Users\Abhishek_Gupta3\.m2\repository\org\yaml\snakeyaml\1.28\snakeyaml-1.28.jar;C:\Users\Abhishek_Gupta3\.m2\repository\tech\grasshopper\table-layout\1.4.0\table-layout-1.4.0.jar;C:\Users\Abhishek_Gupta3\.m2\repository\tech\grasshopper\rest-assured-cucumber-pdf-report\1.1.1\rest-assured-cucumber-pdf-report-1.1.1.jar;C:\Users\Abhishek_Gupta3\.m2\repository\org\jsoup\jsoup\1.13.1\jsoup-1.13.1.jar;C:\Users\Abhishek_Gupta3\.m2\repository\com\vimalselvam\cucumber-extentsreport\3.1.1\cucumber-extentsreport-3.1.1.jar;C:\Users\Abhishek_Gupta3\.m2\repository\com\aventstack\extentreports\5.0.9\extentreports-5.0.9.jar;C:\Users\Abhishek_Gupta3\.m2\repository\io\reactivex\rxjava3\rxjava\3.0.4\rxjava-3.0.4.jar;C:\Users\Abhishek_Gupta3\.m2\repository\org\reactivestreams\reactive-streams\1.0.3\reactive-streams-1.0.3.jar;C:\Users\Abhishek_Gupta3\.m2\repository\org\freemarker\freemarker\2.3.30\freemarker-2.3.30.jar;C:\Users\Abhishek_Gupta3\.m2\repository\io\qameta\allure\allure-testng\2.17.2\allure-testng-2.17.2.jar;C:\Users\Abhishek_Gupta3\.m2\repository\io\qameta\allure\allure-java-commons\2.17.2\allure-java-commons-2.17.2.jar;C:\Users\Abhishek_Gupta3\.m2\repository\io\qameta\allure\allure-model\2.17.2\allure-model-2.17.2.jar;C:\Users\Abhishek_Gupta3\.m2\repository\io\qameta\allure\allure-test-filter\2.17.2\allure-test-filter-2.17.2.jar;C:\Users\Abhishek_Gupta3\.m2\repository\io\qameta\allure\allure-cucumber7-jvm\2.17.2\allure-cucumber7-jvm-2.17.2.jar;C:\Users\Abhishek_Gupta3\.m2\repository\io\qameta\allure\allure-attachments\2.17.2\allure-attachments-2.17.2.jar;C:\Users\Abhishek_Gupta3\.m2\repository\com\github\automatedowl\allure-environment-writer\1.0.0\allure-environment-writer-1.0.0.jar;C:\Users\Abhishek_Gupta3\.m2\repository\org\aspectj\aspectjweaver\1.9.7\aspectjweaver-1.9.7.jar;C:\Users\Abhishek_Gupta3\.m2\repository\org\projectlombok\lombok\1.18.22\lombok-1.18.22.jar;"/>
    <property name="sun.cpu.endian" value="little"/>
    <property name="user.home" value="C:\Users\Abhishek_Gupta3"/>
    <property name="user.language" value="en"/>
    <property name="java.specification.vendor" value="Oracle Corporation"/>
    <property name="java.version.date" value="2018-09-25"/>
    <property name="java.home" value="C:\Users\Abhishek_Gupta3\Downloads\openjdk-11+28_windows-x64_bin\jdk-11"/>
    <property name="file.separator" value="\"/>
    <property name="basedir" value="C:\Users\Abhishek_Gupta3\IdeaProjects\CLPAutomation"/>
    <property name="java.vm.compressedOopsMode" value="Zero based"/>
    <property name="line.separator" value="&#10;"/>
    <property name="java.specification.name" value="Java Platform API Specification"/>
    <property name="java.vm.specification.vendor" value="Oracle Corporation"/>
    <property name="java.awt.graphicsenv" value="sun.awt.Win32GraphicsEnvironment"/>
    <property name="surefire.real.class.path" value="C:\Users\Abhishek_Gupta3\AppData\Local\Temp\surefire17955441051860160064\surefirebooter5686920819686433320.jar"/>
    <property name="user.script" value=""/>
    <property name="sun.management.compiler" value="HotSpot 64-Bit Tiered Compilers"/>
    <property name="java.runtime.version" value="11+28"/>
    <property name="user.name" value="Abhishek_Gupta3"/>
    <property name="path.separator" value=";"/>
    <property name="os.version" value="10.0"/>
    <property name="java.runtime.name" value="OpenJDK Runtime Environment"/>
    <property name="file.encoding" value="Cp1252"/>
    <property name="java.vm.name" value="OpenJDK 64-Bit Server VM"/>
    <property name="java.vendor.version" value="18.9"/>
    <property name="localRepository" value="C:\Users\Abhishek_Gupta3\.m2\repository"/>
    <property name="java.vendor.url.bug" value="http://bugreport.java.com/bugreport/"/>
    <property name="java.io.tmpdir" value="C:\Users\ABHISH~1\AppData\Local\Temp\"/>
    <property name="java.version" value="11"/>
    <property name="user.dir" value="C:\Users\Abhishek_Gupta3\IdeaProjects\CLPAutomation"/>
    <property name="os.arch" value="amd64"/>
    <property name="java.vm.specification.name" value="Java Virtual Machine Specification"/>
    <property name="java.awt.printerjob" value="sun.awt.windows.WPrinterJob"/>
    <property name="sun.os.patch.level" value=""/>
    <property name="java.library.path" value="C:\Users\Abhishek_Gupta3\Downloads\openjdk-11+28_windows-x64_bin\jdk-11\bin;C:\Windows\Sun\Java\bin;C:\Windows\system32;C:\Windows;C:\Python310\Scripts\;C:\Python310\;C:\Windows\system32;C:\Windows;C:\Windows\System32\Wbem;C:\Windows\System32\WindowsPowerShell\v1.0\;C:\Windows\System32\OpenSSH\;C:\Users\Abhishek_Gupta3\Downloads\openjdk-11+28_windows-x64_bin\jdk-11\bin;C:\Users\Abhishek_Gupta3\Downloads\apache-maven-3.8.6-bin\apache-maven-3.8.6\bin;C:\Users\Abhishek_Gupta3\AppData\Local\Android\Sdk\platform-tools;C:\Program Files\nodejs\;C:\ProgramData\chocolatey\bin;C:\Program Files\Git\cmd;C:\Users\Abhishek_Gupta3\AppData\Roaming\daml\bin;%USERPROFILE%\AppData\Local\Microsoft\WindowsApps;C:\Users\Abhishek_Gupta3\AppData\Local\Programs\Microsoft VS Code\bin;C:\Users\Abhishek_Gupta3\AppData\Roaming\npm;."/>
    <property name="java.vendor" value="Oracle Corporation"/>
    <property name="java.vm.info" value="mixed mode"/>
    <property name="java.vm.version" value="11+28"/>
    <property name="sun.io.unicode.encoding" value="UnicodeLittle"/>
    <property name="java.class.version" value="55.0"/>
  </properties>
  <testcase name="runScenario[&quot;New User Registration&quot;, &quot;Optional[Verify the UAT Test case 01]&quot;](1)" classname="runners.TestRunner" time="38.311">
    <failure message="no such element: Unable to locate element: {&quot;method&quot;:&quot;xpath&quot;,&quot;selector&quot;:&quot;//*[contains(text(),&apos;Thank you for registering!&apos;)]&quot;}&#10;  (Session info: chrome=107.0.5304.88)&#10;For documentation on this error, please visit: https://selenium.dev/exceptions/#no_such_element&#10;Build info: version: &apos;4.1.3&apos;, revision: &apos;7b1ebf28ef&apos;&#10;System info: host: &apos;EPHKHONW0042&apos;, ip: &apos;192.168.1.181&apos;, os.name: &apos;Windows 10&apos;, os.arch: &apos;amd64&apos;, os.version: &apos;10.0&apos;, java.version: &apos;11&apos;&#10;Driver info: org.openqa.selenium.chrome.ChromeDriver&#10;Command: [54b5af12af7062b6edd544bdffc53030, findElement {using=xpath, value=//*[contains(text(),&apos;Thank you for registering!&apos;)]}]&#10;Capabilities {acceptInsecureCerts: false, browserName: chrome, browserVersion: 107.0.5304.88, chrome: {chromedriverVersion: 107.0.5304.62 (1eec40d3a576..., userDataDir: C:\Users\ABHISH~1\AppData\L...}, goog:chromeOptions: {debuggerAddress: localhost:61525}, javascriptEnabled: true, networkConnectionEnabled: false, pageLoadStrategy: normal, platform: WINDOWS, platformName: WINDOWS, proxy: Proxy(), se:cdp: ws://localhost:61525/devtoo..., se:cdpVersion: 107.0.5304.88, setWindowRect: true, strictFileInteractability: false, timeouts: {implicit: 0, pageLoad: 300000, script: 30000}, unhandledPromptBehavior: dismiss and notify, webauthn:extension:credBlob: true, webauthn:extension:largeBlob: true, webauthn:virtualAuthenticators: true}&#10;Session ID: 54b5af12af7062b6edd544bdffc53030" type="org.openqa.selenium.NoSuchElementException"><![CDATA[org.openqa.selenium.NoSuchElementException: 
no such element: Unable to locate element: {"method":"xpath","selector":"//*[contains(text(),'Thank you for registering!')]"}
  (Session info: chrome=107.0.5304.88)
For documentation on this error, please visit: https://selenium.dev/exceptions/#no_such_element
Build info: version: '4.1.3', revision: '7b1ebf28ef'
System info: host: 'EPHKHONW0042', ip: '192.168.1.181', os.name: 'Windows 10', os.arch: 'amd64', os.version: '10.0', java.version: '11'
Driver info: org.openqa.selenium.chrome.ChromeDriver
Command: [54b5af12af7062b6edd544bdffc53030, findElement {using=xpath, value=//*[contains(text(),'Thank you for registering!')]}]
Capabilities {acceptInsecureCerts: false, browserName: chrome, browserVersion: 107.0.5304.88, chrome: {chromedriverVersion: 107.0.5304.62 (1eec40d3a576..., userDataDir: C:\Users\ABHISH~1\AppData\L...}, goog:chromeOptions: {debuggerAddress: localhost:61525}, javascriptEnabled: true, networkConnectionEnabled: false, pageLoadStrategy: normal, platform: WINDOWS, platformName: WINDOWS, proxy: Proxy(), se:cdp: ws://localhost:61525/devtoo..., se:cdpVersion: 107.0.5304.88, setWindowRect: true, strictFileInteractability: false, timeouts: {implicit: 0, pageLoad: 300000, script: 30000}, unhandledPromptBehavior: dismiss and notify, webauthn:extension:credBlob: true, webauthn:extension:largeBlob: true, webauthn:virtualAuthenticators: true}
Session ID: 54b5af12af7062b6edd544bdffc53030
]]></failure>
    <system-out><![CDATA[
Scenario Outline: New User Registration                      # src/test/resources/features/01UATTestCase.feature:14
Launching chrome browser...
Allure environment data saved.
Starting Driver: ChromeDriver: chrome on WINDOWS (54b5af12af7062b6edd544bdffc53030)
Allure environment data saved.
  Given user will navigate to the registration page          # stepdefinitions.UAT01Steps.userWillNavigateToTheRegistrationPage()
Now Create a New Customer Account...
  When user will enter the personal information              # stepdefinitions.UAT01Steps.userWillEnterThePersonalInformation()
  And user will select the title                             # stepdefinitions.UAT01Steps.userWillSelectTheTitle()
  And user will enter the name "Test" and "LastTest"         # stepdefinitions.UAT01Steps.userWillEnterTheAndName(java.lang.String,java.lang.String)
  And user will enter the "a@gmail.com"                      # stepdefinitions.UAT01Steps.userWillEnterThe(java.lang.String)
  And user will enter the password "Test@123" and "Test@123" # stepdefinitions.UAT01Steps.userWillEnterThePasswordAnd(java.lang.String,java.lang.String)
  And user will click on the check box                       # stepdefinitions.UAT01Steps.userWillClickOnTheCheckBox()
  Then user account created                                  # stepdefinitions.UAT01Steps.userAccountCreated()
      org.openqa.selenium.NoSuchElementException: no such element: Unable to locate element: {"method":"xpath","selector":"//*[contains(text(),'Thank you for registering!')]"}
  (Session info: chrome=107.0.5304.88)
For documentation on this error, please visit: https://selenium.dev/exceptions/#no_such_element
Build info: version: '4.1.3', revision: '7b1ebf28ef'
System info: host: 'EPHKHONW0042', ip: '192.168.1.181', os.name: 'Windows 10', os.arch: 'amd64', os.version: '10.0', java.version: '11'
Driver info: org.openqa.selenium.chrome.ChromeDriver
Command: [54b5af12af7062b6edd544bdffc53030, findElement {using=xpath, value=//*[contains(text(),'Thank you for registering!')]}]
Capabilities {acceptInsecureCerts: false, browserName: chrome, browserVersion: 107.0.5304.88, chrome: {chromedriverVersion: 107.0.5304.62 (1eec40d3a576..., userDataDir: C:\Users\ABHISH~1\AppData\L...}, goog:chromeOptions: {debuggerAddress: localhost:61525}, javascriptEnabled: true, networkConnectionEnabled: false, pageLoadStrategy: normal, platform: WINDOWS, platformName: WINDOWS, proxy: Proxy(), se:cdp: ws://localhost:61525/devtoo..., se:cdpVersion: 107.0.5304.88, setWindowRect: true, strictFileInteractability: false, timeouts: {implicit: 0, pageLoad: 300000, script: 30000}, unhandledPromptBehavior: dismiss and notify, webauthn:extension:credBlob: true, webauthn:extension:largeBlob: true, webauthn:virtualAuthenticators: true}
Session ID: 54b5af12af7062b6edd544bdffc53030
	at java.base/jdk.internal.reflect.NativeConstructorAccessorImpl.newInstance0(Native Method)
	at java.base/jdk.internal.reflect.NativeConstructorAccessorImpl.newInstance(NativeConstructorAccessorImpl.java:62)
	at java.base/jdk.internal.reflect.DelegatingConstructorAccessorImpl.newInstance(DelegatingConstructorAccessorImpl.java:45)
	at java.base/java.lang.reflect.Constructor.newInstance(Constructor.java:490)
	at org.openqa.selenium.remote.codec.w3c.W3CHttpResponseCodec.createException(W3CHttpResponseCodec.java:200)
	at org.openqa.selenium.remote.codec.w3c.W3CHttpResponseCodec.decode(W3CHttpResponseCodec.java:133)
	at org.openqa.selenium.remote.codec.w3c.W3CHttpResponseCodec.decode(W3CHttpResponseCodec.java:53)
	at org.openqa.selenium.remote.HttpCommandExecutor.execute(HttpCommandExecutor.java:184)
	at org.openqa.selenium.remote.service.DriverCommandExecutor.invokeExecute(DriverCommandExecutor.java:167)
	at org.openqa.selenium.remote.service.DriverCommandExecutor.execute(DriverCommandExecutor.java:142)
	at org.openqa.selenium.remote.RemoteWebDriver.execute(RemoteWebDriver.java:567)
	at org.openqa.selenium.remote.ElementLocation$ElementFinder$2.findElement(ElementLocation.java:162)
	at org.openqa.selenium.remote.ElementLocation.findElement(ElementLocation.java:60)
	at org.openqa.selenium.remote.RemoteWebDriver.findElement(RemoteWebDriver.java:385)
	at org.openqa.selenium.remote.RemoteWebDriver.findElement(RemoteWebDriver.java:377)
	at stepdefinitions.UAT01Steps.userAccountCreated(UAT01Steps.java:86)
	at âœ½.user account created(file:///C:/Users/Abhishek_Gupta3/IdeaProjects/CLPAutomation/src/test/resources/features/01UATTestCase.feature:11)


    Embedding Screenshot Failed [image/png 139203 bytes]

Stop Driver: ChromeDriver: chrome on WINDOWS (54b5af12af7062b6edd544bdffc53030)
]]></system-out>
    <system-err><![CDATA[[main] INFO io.github.bonigarcia.wdm.WebDriverManager - Using chromedriver 107.0.5304.62 (resolved driver for Chrome 107)
[main] INFO io.github.bonigarcia.wdm.WebDriverManager - Exporting webdriver.chrome.driver as C:\Users\Abhishek_Gupta3\.cache\selenium\chromedriver\win32\107.0.5304.62\chromedriver.exe
Starting ChromeDriver 107.0.5304.62 (1eec40d3a5764881c92085aaee66d25075c159aa-refs/branch-heads/5304@{#942}) on port 52577
Only local connections are allowed.
Please see https://chromedriver.chromium.org/security-considerations for suggestions on keeping ChromeDriver safe.
ChromeDriver was started successfully.
Nov 08, 2022 1:53:09 PM org.openqa.selenium.remote.ProtocolHandshake createSession
INFO: Detected dialect: W3C
Nov 08, 2022 1:53:09 PM org.openqa.selenium.devtools.CdpVersionFinder findNearestMatch
WARNING: Unable to find an exact match for CDP version 107, so returning the closest version found: a no-op implementation
Nov 08, 2022 1:53:09 PM org.openqa.selenium.devtools.CdpVersionFinder findNearestMatch
INFO: Unable to find CDP implementation matching 107.
Nov 08, 2022 1:53:09 PM org.openqa.selenium.chromium.ChromiumDriver lambda$new$3
WARNING: Unable to find version of CDP to use for . You may need to include a dependency on a specific version of the CDP using something similar to `org.seleniumhq.selenium:selenium-devtools-v86:4.1.3` where the version ("v86") matches the version of the chromium-based browser you're using and the version number of the artifact is the same as Selenium's.
]]></system-err>
  </testcase>
  <testcase name="runScenario[&quot;Login page to CLPdomeo&quot;, &quot;Optional[Verify the UAT Test case 01]&quot;](2)" classname="runners.TestRunner" time="18.712"/>
</testsuite>